<?xml version="1.0" encoding="UTF-8"?>
<!-- Generated by org.testng.reporters.JUnitReportReporter -->
<testsuite hostname="DESKTOP-D0ACC6M" failures="0" tests="5" name="scripts.BusinessValuationPresentationPageScript" time="5.844" errors="0" timestamp="2022-04-17T17:17:31 IST" skipped="0">
  <testcase classname="scripts.BusinessValuationPresentationPageScript" name="inputPhoneNumber" time="0.111"/>
  <system-out/>
  <testcase classname="scripts.BusinessValuationPresentationPageScript" name="inputComment" time="0.093"/>
  <system-out/>
  <testcase classname="scripts.BusinessValuationPresentationPageScript" name="inputName" time="0.111"/>
  <system-out/>
  <testcase classname="scripts.BusinessValuationPresentationPageScript" name="inputEmailAddress" time="0.131"/>
  <system-out/>
  <testcase classname="scripts.BusinessValuationPresentationPageScript" name="inputCaptchaCode" time="5.398"/>
  <system-out/>
</testsuite> <!-- scripts.BusinessValuationPresentationPageScript -->
